The system is: Darwin - 16.7.0 - x86_64
Compiling the C compiler identification source file "CMakeCCompilerId.c" succeeded.
Compiler: /Users/mac/anaconda/bin/cc 
Build flags: 
Id flags: 

The output was:
0


Compilation of the C compiler identification source "CMakeCCompilerId.c" produced "a.out"

The C compiler identification is GNU, found in "/Users/mac/Desktop/ppp/selfcarRaspberryPi/build/CMakeFiles/3.6.3/CompilerIdC/a.out"

Compiling the CXX compiler identification source file "CMakeCXXCompilerId.cpp" succeeded.
Compiler: /Users/mac/anaconda/bin/c++ 
Build flags: 
Id flags: 

The output was:
0


Compilation of the CXX compiler identification source "CMakeCXXCompilerId.cpp" produced "a.out"

The CXX compiler identification is GNU, found in "/Users/mac/Desktop/ppp/selfcarRaspberryPi/build/CMakeFiles/3.6.3/CompilerIdCXX/a.out"

Determining if the C compiler works passed with the following output:
Change Dir: /Users/mac/Desktop/ppp/selfcarRaspberryPi/build/CMakeFiles/CMakeTmp

Run Build Command:"/usr/bin/make" "cmTC_c0a86/fast"
/Applications/Xcode.app/Contents/Developer/usr/bin/make -f CMakeFiles/cmTC_c0a86.dir/build.make CMakeFiles/cmTC_c0a86.dir/build
Building C object CMakeFiles/cmTC_c0a86.dir/testCCompiler.c.o
/Users/mac/anaconda/bin/cc    -isysroot /Applications/Xcode.app/Contents/Developer/Platforms/MacOSX.platform/Developer/SDKs/MacOSX10.12.sdk   -o CMakeFiles/cmTC_c0a86.dir/testCCompiler.c.o   -c /Users/mac/Desktop/ppp/selfcarRaspberryPi/build/CMakeFiles/CMakeTmp/testCCompiler.c
Linking C executable cmTC_c0a86
/Users/mac/anaconda/envs/tensorflow2.7/bin/cmake -E cmake_link_script CMakeFiles/cmTC_c0a86.dir/link.txt --verbose=1
/Users/mac/anaconda/bin/cc    -isysroot /Applications/Xcode.app/Contents/Developer/Platforms/MacOSX.platform/Developer/SDKs/MacOSX10.12.sdk -Wl,-search_paths_first -Wl,-headerpad_max_install_names   CMakeFiles/cmTC_c0a86.dir/testCCompiler.c.o  -o cmTC_c0a86 


Detecting C compiler ABI info compiled with the following output:
Change Dir: /Users/mac/Desktop/ppp/selfcarRaspberryPi/build/CMakeFiles/CMakeTmp

Run Build Command:"/usr/bin/make" "cmTC_037ff/fast"
/Applications/Xcode.app/Contents/Developer/usr/bin/make -f CMakeFiles/cmTC_037ff.dir/build.make CMakeFiles/cmTC_037ff.dir/build
Building C object CMakeFiles/cmTC_037ff.dir/CMakeCCompilerABI.c.o
/Users/mac/anaconda/bin/cc    -isysroot /Applications/Xcode.app/Contents/Developer/Platforms/MacOSX.platform/Developer/SDKs/MacOSX10.12.sdk   -o CMakeFiles/cmTC_037ff.dir/CMakeCCompilerABI.c.o   -c /Users/mac/anaconda/envs/tensorflow2.7/share/cmake-3.6/Modules/CMakeCCompilerABI.c
Linking C executable cmTC_037ff
/Users/mac/anaconda/envs/tensorflow2.7/bin/cmake -E cmake_link_script CMakeFiles/cmTC_037ff.dir/link.txt --verbose=1
/Users/mac/anaconda/bin/cc    -isysroot /Applications/Xcode.app/Contents/Developer/Platforms/MacOSX.platform/Developer/SDKs/MacOSX10.12.sdk -Wl,-search_paths_first -Wl,-headerpad_max_install_names  -v -Wl,-v CMakeFiles/cmTC_037ff.dir/CMakeCCompilerABI.c.o  -o cmTC_037ff  
Using built-in specs.
COLLECT_GCC=/Users/mac/anaconda/bin/cc
COLLECT_LTO_WRAPPER=/Users/mac/anaconda/bin/../libexec/gcc/x86_64-apple-darwin11.4.2/4.8.5/lto-wrapper
Target: x86_64-apple-darwin11.4.2
Configured with: ./configure --prefix=/Users/ray/mc-x64-3.5/conda-bld/gcc-4.8_1477649012852/_b_env_placehold_placehold_placehold_placehold_placehold_placehold_placehold_placehold_placehold_placehold_placehold_placehold_placehold_placehold_placehold_placehold_placehold_placehold_placehold_plac --with-gxx-include-dir=/Users/ray/mc-x64-3.5/conda-bld/gcc-4.8_1477649012852/_b_env_placehold_placehold_placehold_placehold_placehold_placehold_placehold_placehold_placehold_placehold_placehold_placehold_placehold_placehold_placehold_placehold_placehold_placehold_placehold_plac/gcc/include/c++ --bindir=/Users/ray/mc-x64-3.5/conda-bld/gcc-4.8_1477649012852/_b_env_placehold_placehold_placehold_placehold_placehold_placehold_placehold_placehold_placehold_placehold_placehold_placehold_placehold_placehold_placehold_placehold_placehold_placehold_placehold_plac/bin --datarootdir=/Users/ray/mc-x64-3.5/conda-bld/gcc-4.8_1477649012852/_b_env_placehold_placehold_placehold_placehold_placehold_placehold_placehold_placehold_placehold_placehold_placehold_placehold_placehold_placehold_placehold_placehold_placehold_placehold_placehold_plac/share --libdir=/Users/ray/mc-x64-3.5/conda-bld/gcc-4.8_1477649012852/_b_env_placehold_placehold_placehold_placehold_placehold_placehold_placehold_placehold_placehold_placehold_placehold_placehold_placehold_placehold_placehold_placehold_placehold_placehold_placehold_plac/lib --with-gmp=/Users/ray/mc-x64-3.5/conda-bld/gcc-4.8_1477649012852/_b_env_placehold_placehold_placehold_placehold_placehold_placehold_placehold_placehold_placehold_placehold_placehold_placehold_placehold_placehold_placehold_placehold_placehold_placehold_placehold_plac --with-mpfr=/Users/ray/mc-x64-3.5/conda-bld/gcc-4.8_1477649012852/_b_env_placehold_placehold_placehold_placehold_placehold_placehold_placehold_placehold_placehold_placehold_placehold_placehold_placehold_placehold_placehold_placehold_placehold_placehold_placehold_plac --with-mpc=/Users/ray/mc-x64-3.5/conda-bld/gcc-4.8_1477649012852/_b_env_placehold_placehold_placehold_placehold_placehold_placehold_placehold_placehold_placehold_placehold_placehold_placehold_placehold_placehold_placehold_placehold_placehold_placehold_placehold_plac --with-isl=/Users/ray/mc-x64-3.5/conda-bld/gcc-4.8_1477649012852/_b_env_placehold_placehold_placehold_placehold_placehold_placehold_placehold_placehold_placehold_placehold_placehold_placehold_placehold_placehold_placehold_placehold_placehold_placehold_placehold_plac --with-cloog=/Users/ray/mc-x64-3.5/conda-bld/gcc-4.8_1477649012852/_b_env_placehold_placehold_placehold_placehold_placehold_placehold_placehold_placehold_placehold_placehold_placehold_placehold_placehold_placehold_placehold_placehold_placehold_placehold_placehold_plac --with-boot-ldflags='-Wl,-headerpad_max_install_names -Wl,-L/Users/ray/mc-x64-3.5/conda-bld/gcc-4.8_1477649012852/_b_env_placehold_placehold_placehold_placehold_placehold_placehold_placehold_placehold_placehold_placehold_placehold_placehold_placehold_placehold_placehold_placehold_placehold_placehold_placehold_plac/lib -Wl,-L/usr/lib' --with-stage1-ldflags='-Wl,-headerpad_max_install_names -Wl,-L/Users/ray/mc-x64-3.5/conda-bld/gcc-4.8_1477649012852/_b_env_placehold_placehold_placehold_placehold_placehold_placehold_placehold_placehold_placehold_placehold_placehold_placehold_placehold_placehold_placehold_placehold_placehold_placehold_placehold_plac/lib -Wl,-L/usr/lib' --enable-checking=release --with-tune=generic --disable-multilib
Thread model: posix
gcc version 4.8.5 (GCC) 
COMPILER_PATH=/Users/mac/anaconda/bin/../libexec/gcc/x86_64-apple-darwin11.4.2/4.8.5/:/Users/mac/anaconda/bin/../libexec/gcc/
LIBRARY_PATH=/Users/mac/anaconda/bin/../lib/gcc/x86_64-apple-darwin11.4.2/4.8.5/:/Users/mac/anaconda/bin/../lib/gcc/:/Users/mac/anaconda/bin/../lib/gcc/x86_64-apple-darwin11.4.2/4.8.5/../../../:/usr/lib/
COLLECT_GCC_OPTIONS='-mmacosx-version-min=10.12.7' '-isysroot' '/Applications/Xcode.app/Contents/Developer/Platforms/MacOSX.platform/Developer/SDKs/MacOSX10.12.sdk' '-v' '-o' 'cmTC_037ff' '-mtune=generic'
 /Users/mac/anaconda/bin/../libexec/gcc/x86_64-apple-darwin11.4.2/4.8.5/collect2 -dynamic -arch x86_64 -macosx_version_min 10.12.7 -syslibroot /Applications/Xcode.app/Contents/Developer/Platforms/MacOSX.platform/Developer/SDKs/MacOSX10.12.sdk -weak_reference_mismatches non-weak -o cmTC_037ff -L/Users/mac/anaconda/bin/../lib/gcc/x86_64-apple-darwin11.4.2/4.8.5 -L/Users/mac/anaconda/bin/../lib/gcc -L/Users/mac/anaconda/bin/../lib/gcc/x86_64-apple-darwin11.4.2/4.8.5/../../.. -search_paths_first -headerpad_max_install_names -v CMakeFiles/cmTC_037ff.dir/CMakeCCompilerABI.c.o -no_compact_unwind -lSystem -lgcc_ext.10.5 -lgcc -lSystem -v
collect2 version 4.8.5
/usr/bin/ld -dynamic -arch x86_64 -macosx_version_min 10.12.7 -syslibroot /Applications/Xcode.app/Contents/Developer/Platforms/MacOSX.platform/Developer/SDKs/MacOSX10.12.sdk -weak_reference_mismatches non-weak -o cmTC_037ff -L/Users/mac/anaconda/bin/../lib/gcc/x86_64-apple-darwin11.4.2/4.8.5 -L/Users/mac/anaconda/bin/../lib/gcc -L/Users/mac/anaconda/bin/../lib/gcc/x86_64-apple-darwin11.4.2/4.8.5/../../.. -search_paths_first -headerpad_max_install_names -v CMakeFiles/cmTC_037ff.dir/CMakeCCompilerABI.c.o -no_compact_unwind -lSystem -lgcc_ext.10.5 -lgcc -lSystem -v
@(#)PROGRAM:ld  PROJECT:ld64-278.4
configured to support archs: armv6 armv7 armv7s arm64 i386 x86_64 x86_64h armv6m armv7k armv7m armv7em (tvOS)
@(#)PROGRAM:ld  PROJECT:ld64-278.4
configured to support archs: armv6 armv7 armv7s arm64 i386 x86_64 x86_64h armv6m armv7k armv7m armv7em (tvOS)
Library search paths:
	/Users/mac/anaconda/lib/gcc/x86_64-apple-darwin11.4.2/4.8.5
	/Users/mac/anaconda/lib/gcc
	/Users/mac/anaconda/lib
	/Applications/Xcode.app/Contents/Developer/Platforms/MacOSX.platform/Developer/SDKs/MacOSX10.12.sdk/usr/lib
Framework search paths:
	/Applications/Xcode.app/Contents/Developer/Platforms/MacOSX.platform/Developer/SDKs/MacOSX10.12.sdk/System/Library/Frameworks/


Parsed C implicit link information from above output:
  link line regex: [^( *|.*[/\])(ld|([^/\]+-)?ld|collect2)[^/\]*( |$)]
  ignore line: [Change Dir: /Users/mac/Desktop/ppp/selfcarRaspberryPi/build/CMakeFiles/CMakeTmp]
  ignore line: []
  ignore line: [Run Build Command:"/usr/bin/make" "cmTC_037ff/fast"]
  ignore line: [/Applications/Xcode.app/Contents/Developer/usr/bin/make -f CMakeFiles/cmTC_037ff.dir/build.make CMakeFiles/cmTC_037ff.dir/build]
  ignore line: [Building C object CMakeFiles/cmTC_037ff.dir/CMakeCCompilerABI.c.o]
  ignore line: [/Users/mac/anaconda/bin/cc    -isysroot /Applications/Xcode.app/Contents/Developer/Platforms/MacOSX.platform/Developer/SDKs/MacOSX10.12.sdk   -o CMakeFiles/cmTC_037ff.dir/CMakeCCompilerABI.c.o   -c /Users/mac/anaconda/envs/tensorflow2.7/share/cmake-3.6/Modules/CMakeCCompilerABI.c]
  ignore line: [Linking C executable cmTC_037ff]
  ignore line: [/Users/mac/anaconda/envs/tensorflow2.7/bin/cmake -E cmake_link_script CMakeFiles/cmTC_037ff.dir/link.txt --verbose=1]
  ignore line: [/Users/mac/anaconda/bin/cc    -isysroot /Applications/Xcode.app/Contents/Developer/Platforms/MacOSX.platform/Developer/SDKs/MacOSX10.12.sdk -Wl,-search_paths_first -Wl,-headerpad_max_install_names  -v -Wl,-v CMakeFiles/cmTC_037ff.dir/CMakeCCompilerABI.c.o  -o cmTC_037ff  ]
  ignore line: [Using built-in specs.]
  ignore line: [COLLECT_GCC=/Users/mac/anaconda/bin/cc]
  ignore line: [COLLECT_LTO_WRAPPER=/Users/mac/anaconda/bin/../libexec/gcc/x86_64-apple-darwin11.4.2/4.8.5/lto-wrapper]
  ignore line: [Target: x86_64-apple-darwin11.4.2]
  ignore line: [Configured with: ./configure --prefix=/Users/ray/mc-x64-3.5/conda-bld/gcc-4.8_1477649012852/_b_env_placehold_placehold_placehold_placehold_placehold_placehold_placehold_placehold_placehold_placehold_placehold_placehold_placehold_placehold_placehold_placehold_placehold_placehold_placehold_plac --with-gxx-include-dir=/Users/ray/mc-x64-3.5/conda-bld/gcc-4.8_1477649012852/_b_env_placehold_placehold_placehold_placehold_placehold_placehold_placehold_placehold_placehold_placehold_placehold_placehold_placehold_placehold_placehold_placehold_placehold_placehold_placehold_plac/gcc/include/c++ --bindir=/Users/ray/mc-x64-3.5/conda-bld/gcc-4.8_1477649012852/_b_env_placehold_placehold_placehold_placehold_placehold_placehold_placehold_placehold_placehold_placehold_placehold_placehold_placehold_placehold_placehold_placehold_placehold_placehold_placehold_plac/bin --datarootdir=/Users/ray/mc-x64-3.5/conda-bld/gcc-4.8_1477649012852/_b_env_placehold_placehold_placehold_placehold_placehold_placehold_placehold_placehold_placehold_placehold_placehold_placehold_placehold_placehold_placehold_placehold_placehold_placehold_placehold_plac/share --libdir=/Users/ray/mc-x64-3.5/conda-bld/gcc-4.8_1477649012852/_b_env_placehold_placehold_placehold_placehold_placehold_placehold_placehold_placehold_placehold_placehold_placehold_placehold_placehold_placehold_placehold_placehold_placehold_placehold_placehold_plac/lib --with-gmp=/Users/ray/mc-x64-3.5/conda-bld/gcc-4.8_1477649012852/_b_env_placehold_placehold_placehold_placehold_placehold_placehold_placehold_placehold_placehold_placehold_placehold_placehold_placehold_placehold_placehold_placehold_placehold_placehold_placehold_plac --with-mpfr=/Users/ray/mc-x64-3.5/conda-bld/gcc-4.8_1477649012852/_b_env_placehold_placehold_placehold_placehold_placehold_placehold_placehold_placehold_placehold_placehold_placehold_placehold_placehold_placehold_placehold_placehold_placehold_placehold_placehold_plac --with-mpc=/Users/ray/mc-x64-3.5/conda-bld/gcc-4.8_1477649012852/_b_env_placehold_placehold_placehold_placehold_placehold_placehold_placehold_placehold_placehold_placehold_placehold_placehold_placehold_placehold_placehold_placehold_placehold_placehold_placehold_plac --with-isl=/Users/ray/mc-x64-3.5/conda-bld/gcc-4.8_1477649012852/_b_env_placehold_placehold_placehold_placehold_placehold_placehold_placehold_placehold_placehold_placehold_placehold_placehold_placehold_placehold_placehold_placehold_placehold_placehold_placehold_plac --with-cloog=/Users/ray/mc-x64-3.5/conda-bld/gcc-4.8_1477649012852/_b_env_placehold_placehold_placehold_placehold_placehold_placehold_placehold_placehold_placehold_placehold_placehold_placehold_placehold_placehold_placehold_placehold_placehold_placehold_placehold_plac --with-boot-ldflags='-Wl,-headerpad_max_install_names -Wl,-L/Users/ray/mc-x64-3.5/conda-bld/gcc-4.8_1477649012852/_b_env_placehold_placehold_placehold_placehold_placehold_placehold_placehold_placehold_placehold_placehold_placehold_placehold_placehold_placehold_placehold_placehold_placehold_placehold_placehold_plac/lib -Wl,-L/usr/lib' --with-stage1-ldflags='-Wl,-headerpad_max_install_names -Wl,-L/Users/ray/mc-x64-3.5/conda-bld/gcc-4.8_1477649012852/_b_env_placehold_placehold_placehold_placehold_placehold_placehold_placehold_placehold_placehold_placehold_placehold_placehold_placehold_placehold_placehold_placehold_placehold_placehold_placehold_plac/lib -Wl,-L/usr/lib' --enable-checking=release --with-tune=generic --disable-multilib]
  ignore line: [Thread model: posix]
  ignore line: [gcc version 4.8.5 (GCC) ]
  ignore line: [COMPILER_PATH=/Users/mac/anaconda/bin/../libexec/gcc/x86_64-apple-darwin11.4.2/4.8.5/:/Users/mac/anaconda/bin/../libexec/gcc/]
  ignore line: [LIBRARY_PATH=/Users/mac/anaconda/bin/../lib/gcc/x86_64-apple-darwin11.4.2/4.8.5/:/Users/mac/anaconda/bin/../lib/gcc/:/Users/mac/anaconda/bin/../lib/gcc/x86_64-apple-darwin11.4.2/4.8.5/../../../:/usr/lib/]
  ignore line: [COLLECT_GCC_OPTIONS='-mmacosx-version-min=10.12.7' '-isysroot' '/Applications/Xcode.app/Contents/Developer/Platforms/MacOSX.platform/Developer/SDKs/MacOSX10.12.sdk' '-v' '-o' 'cmTC_037ff' '-mtune=generic']
  link line: [ /Users/mac/anaconda/bin/../libexec/gcc/x86_64-apple-darwin11.4.2/4.8.5/collect2 -dynamic -arch x86_64 -macosx_version_min 10.12.7 -syslibroot /Applications/Xcode.app/Contents/Developer/Platforms/MacOSX.platform/Developer/SDKs/MacOSX10.12.sdk -weak_reference_mismatches non-weak -o cmTC_037ff -L/Users/mac/anaconda/bin/../lib/gcc/x86_64-apple-darwin11.4.2/4.8.5 -L/Users/mac/anaconda/bin/../lib/gcc -L/Users/mac/anaconda/bin/../lib/gcc/x86_64-apple-darwin11.4.2/4.8.5/../../.. -search_paths_first -headerpad_max_install_names -v CMakeFiles/cmTC_037ff.dir/CMakeCCompilerABI.c.o -no_compact_unwind -lSystem -lgcc_ext.10.5 -lgcc -lSystem -v]
    arg [/Users/mac/anaconda/bin/../libexec/gcc/x86_64-apple-darwin11.4.2/4.8.5/collect2] ==> ignore
    arg [-dynamic] ==> ignore
    arg [-arch] ==> ignore
    arg [x86_64] ==> ignore
    arg [-macosx_version_min] ==> ignore
    arg [10.12.7] ==> ignore
    arg [-syslibroot] ==> ignore
    arg [/Applications/Xcode.app/Contents/Developer/Platforms/MacOSX.platform/Developer/SDKs/MacOSX10.12.sdk] ==> ignore
    arg [-weak_reference_mismatches] ==> ignore
    arg [non-weak] ==> ignore
    arg [-o] ==> ignore
    arg [cmTC_037ff] ==> ignore
    arg [-L/Users/mac/anaconda/bin/../lib/gcc/x86_64-apple-darwin11.4.2/4.8.5] ==> dir [/Users/mac/anaconda/bin/../lib/gcc/x86_64-apple-darwin11.4.2/4.8.5]
    arg [-L/Users/mac/anaconda/bin/../lib/gcc] ==> dir [/Users/mac/anaconda/bin/../lib/gcc]
    arg [-L/Users/mac/anaconda/bin/../lib/gcc/x86_64-apple-darwin11.4.2/4.8.5/../../..] ==> dir [/Users/mac/anaconda/bin/../lib/gcc/x86_64-apple-darwin11.4.2/4.8.5/../../..]
    arg [-search_paths_first] ==> ignore
    arg [-headerpad_max_install_names] ==> ignore
    arg [-v] ==> ignore
    arg [CMakeFiles/cmTC_037ff.dir/CMakeCCompilerABI.c.o] ==> ignore
    arg [-no_compact_unwind] ==> ignore
    arg [-lSystem] ==> lib [System]
    arg [-lgcc_ext.10.5] ==> lib [gcc_ext.10.5]
    arg [-lgcc] ==> lib [gcc]
    arg [-lSystem] ==> lib [System]
    arg [-v] ==> ignore
  ignore line: [collect2 version 4.8.5]
  link line: [/usr/bin/ld -dynamic -arch x86_64 -macosx_version_min 10.12.7 -syslibroot /Applications/Xcode.app/Contents/Developer/Platforms/MacOSX.platform/Developer/SDKs/MacOSX10.12.sdk -weak_reference_mismatches non-weak -o cmTC_037ff -L/Users/mac/anaconda/bin/../lib/gcc/x86_64-apple-darwin11.4.2/4.8.5 -L/Users/mac/anaconda/bin/../lib/gcc -L/Users/mac/anaconda/bin/../lib/gcc/x86_64-apple-darwin11.4.2/4.8.5/../../.. -search_paths_first -headerpad_max_install_names -v CMakeFiles/cmTC_037ff.dir/CMakeCCompilerABI.c.o -no_compact_unwind -lSystem -lgcc_ext.10.5 -lgcc -lSystem -v]
    arg [/usr/bin/ld] ==> ignore
    arg [-dynamic] ==> ignore
    arg [-arch] ==> ignore
    arg [x86_64] ==> ignore
    arg [-macosx_version_min] ==> ignore
    arg [10.12.7] ==> ignore
    arg [-syslibroot] ==> ignore
    arg [/Applications/Xcode.app/Contents/Developer/Platforms/MacOSX.platform/Developer/SDKs/MacOSX10.12.sdk] ==> ignore
    arg [-weak_reference_mismatches] ==> ignore
    arg [non-weak] ==> ignore
    arg [-o] ==> ignore
    arg [cmTC_037ff] ==> ignore
    arg [-L/Users/mac/anaconda/bin/../lib/gcc/x86_64-apple-darwin11.4.2/4.8.5] ==> dir [/Users/mac/anaconda/bin/../lib/gcc/x86_64-apple-darwin11.4.2/4.8.5]
    arg [-L/Users/mac/anaconda/bin/../lib/gcc] ==> dir [/Users/mac/anaconda/bin/../lib/gcc]
    arg [-L/Users/mac/anaconda/bin/../lib/gcc/x86_64-apple-darwin11.4.2/4.8.5/../../..] ==> dir [/Users/mac/anaconda/bin/../lib/gcc/x86_64-apple-darwin11.4.2/4.8.5/../../..]
    arg [-search_paths_first] ==> ignore
    arg [-headerpad_max_install_names] ==> ignore
    arg [-v] ==> ignore
    arg [CMakeFiles/cmTC_037ff.dir/CMakeCCompilerABI.c.o] ==> ignore
    arg [-no_compact_unwind] ==> ignore
    arg [-lSystem] ==> lib [System]
    arg [-lgcc_ext.10.5] ==> lib [gcc_ext.10.5]
    arg [-lgcc] ==> lib [gcc]
    arg [-lSystem] ==> lib [System]
    arg [-v] ==> ignore
  ignore line: [@(#)PROGRAM:ld  PROJECT:ld64-278.4]
  ignore line: [configured to support archs: armv6 armv7 armv7s arm64 i386 x86_64 x86_64h armv6m armv7k armv7m armv7em (tvOS)]
  ignore line: [@(#)PROGRAM:ld  PROJECT:ld64-278.4]
  ignore line: [configured to support archs: armv6 armv7 armv7s arm64 i386 x86_64 x86_64h armv6m armv7k armv7m armv7em (tvOS)]
  ignore line: [Library search paths:]
  ignore line: [	/Users/mac/anaconda/lib/gcc/x86_64-apple-darwin11.4.2/4.8.5]
  ignore line: [	/Users/mac/anaconda/lib/gcc]
  ignore line: [	/Users/mac/anaconda/lib]
  ignore line: [	/Applications/Xcode.app/Contents/Developer/Platforms/MacOSX.platform/Developer/SDKs/MacOSX10.12.sdk/usr/lib]
  ignore line: [Framework search paths:]
  ignore line: [	/Applications/Xcode.app/Contents/Developer/Platforms/MacOSX.platform/Developer/SDKs/MacOSX10.12.sdk/System/Library/Frameworks/]
  ignore line: []
  Library search paths: [;/Users/mac/anaconda/lib/gcc/x86_64-apple-darwin11.4.2/4.8.5;/Users/mac/anaconda/lib/gcc;/Users/mac/anaconda/lib;/Applications/Xcode.app/Contents/Developer/Platforms/MacOSX.platform/Developer/SDKs/MacOSX10.12.sdk/usr/lib]
  Framework search paths: [;/Applications/Xcode.app/Contents/Developer/Platforms/MacOSX.platform/Developer/SDKs/MacOSX10.12.sdk/System/Library/Frameworks/]
  remove lib [System]
  remove lib [gcc_ext.10.5]
  remove lib [gcc]
  remove lib [System]
  remove lib [System]
  remove lib [gcc_ext.10.5]
  remove lib [gcc]
  remove lib [System]
  collapse library dir [/Users/mac/anaconda/bin/../lib/gcc/x86_64-apple-darwin11.4.2/4.8.5] ==> [/Users/mac/anaconda/lib/gcc/x86_64-apple-darwin11.4.2/4.8.5]
  collapse library dir [/Users/mac/anaconda/bin/../lib/gcc] ==> [/Users/mac/anaconda/lib/gcc]
  collapse library dir [/Users/mac/anaconda/bin/../lib/gcc/x86_64-apple-darwin11.4.2/4.8.5/../../..] ==> [/Users/mac/anaconda/lib]
  collapse library dir [/Users/mac/anaconda/bin/../lib/gcc/x86_64-apple-darwin11.4.2/4.8.5] ==> [/Users/mac/anaconda/lib/gcc/x86_64-apple-darwin11.4.2/4.8.5]
  collapse library dir [/Users/mac/anaconda/bin/../lib/gcc] ==> [/Users/mac/anaconda/lib/gcc]
  collapse library dir [/Users/mac/anaconda/bin/../lib/gcc/x86_64-apple-darwin11.4.2/4.8.5/../../..] ==> [/Users/mac/anaconda/lib]
  collapse library dir [/Users/mac/anaconda/lib/gcc/x86_64-apple-darwin11.4.2/4.8.5] ==> [/Users/mac/anaconda/lib/gcc/x86_64-apple-darwin11.4.2/4.8.5]
  collapse library dir [/Users/mac/anaconda/lib/gcc] ==> [/Users/mac/anaconda/lib/gcc]
  collapse library dir [/Users/mac/anaconda/lib] ==> [/Users/mac/anaconda/lib]
  collapse library dir [/Applications/Xcode.app/Contents/Developer/Platforms/MacOSX.platform/Developer/SDKs/MacOSX10.12.sdk/usr/lib] ==> [/Applications/Xcode.app/Contents/Developer/Platforms/MacOSX.platform/Developer/SDKs/MacOSX10.12.sdk/usr/lib]
  collapse framework dir [/Applications/Xcode.app/Contents/Developer/Platforms/MacOSX.platform/Developer/SDKs/MacOSX10.12.sdk/System/Library/Frameworks/] ==> [/Applications/Xcode.app/Contents/Developer/Platforms/MacOSX.platform/Developer/SDKs/MacOSX10.12.sdk/System/Library/Frameworks]
  linker did not report search dirs, re-using implicit dirs
  implicit libs: []
  implicit dirs: [/Users/mac/anaconda/lib/gcc/x86_64-apple-darwin11.4.2/4.8.5;/Users/mac/anaconda/lib/gcc;/Users/mac/anaconda/lib;/Applications/Xcode.app/Contents/Developer/Platforms/MacOSX.platform/Developer/SDKs/MacOSX10.12.sdk/usr/lib]
  implicit linker search dirs: [/Users/mac/anaconda/lib/gcc/x86_64-apple-darwin11.4.2/4.8.5;/Users/mac/anaconda/lib/gcc;/Users/mac/anaconda/lib;/Applications/Xcode.app/Contents/Developer/Platforms/MacOSX.platform/Developer/SDKs/MacOSX10.12.sdk/usr/lib]
  implicit fwks: [/Applications/Xcode.app/Contents/Developer/Platforms/MacOSX.platform/Developer/SDKs/MacOSX10.12.sdk/System/Library/Frameworks]




Detecting C [-std=c11] compiler features compiled with the following output:
Change Dir: /Users/mac/Desktop/ppp/selfcarRaspberryPi/build/CMakeFiles/CMakeTmp

Run Build Command:"/usr/bin/make" "cmTC_f2cf7/fast"
/Applications/Xcode.app/Contents/Developer/usr/bin/make -f CMakeFiles/cmTC_f2cf7.dir/build.make CMakeFiles/cmTC_f2cf7.dir/build
Building C object CMakeFiles/cmTC_f2cf7.dir/feature_tests.c.o
/Users/mac/anaconda/bin/cc    -isysroot /Applications/Xcode.app/Contents/Developer/Platforms/MacOSX.platform/Developer/SDKs/MacOSX10.12.sdk   -std=c11 -o CMakeFiles/cmTC_f2cf7.dir/feature_tests.c.o   -c /Users/mac/Desktop/ppp/selfcarRaspberryPi/build/CMakeFiles/feature_tests.c
Linking C executable cmTC_f2cf7
/Users/mac/anaconda/envs/tensorflow2.7/bin/cmake -E cmake_link_script CMakeFiles/cmTC_f2cf7.dir/link.txt --verbose=1
/Users/mac/anaconda/bin/cc    -isysroot /Applications/Xcode.app/Contents/Developer/Platforms/MacOSX.platform/Developer/SDKs/MacOSX10.12.sdk -Wl,-search_paths_first -Wl,-headerpad_max_install_names   CMakeFiles/cmTC_f2cf7.dir/feature_tests.c.o  -o cmTC_f2cf7 


    Feature record: C_FEATURE:1c_function_prototypes
    Feature record: C_FEATURE:1c_restrict
    Feature record: C_FEATURE:1c_static_assert
    Feature record: C_FEATURE:1c_variadic_macros


Detecting C [-std=c99] compiler features compiled with the following output:
Change Dir: /Users/mac/Desktop/ppp/selfcarRaspberryPi/build/CMakeFiles/CMakeTmp

Run Build Command:"/usr/bin/make" "cmTC_335de/fast"
/Applications/Xcode.app/Contents/Developer/usr/bin/make -f CMakeFiles/cmTC_335de.dir/build.make CMakeFiles/cmTC_335de.dir/build
Building C object CMakeFiles/cmTC_335de.dir/feature_tests.c.o
/Users/mac/anaconda/bin/cc    -isysroot /Applications/Xcode.app/Contents/Developer/Platforms/MacOSX.platform/Developer/SDKs/MacOSX10.12.sdk   -std=c99 -o CMakeFiles/cmTC_335de.dir/feature_tests.c.o   -c /Users/mac/Desktop/ppp/selfcarRaspberryPi/build/CMakeFiles/feature_tests.c
Linking C executable cmTC_335de
/Users/mac/anaconda/envs/tensorflow2.7/bin/cmake -E cmake_link_script CMakeFiles/cmTC_335de.dir/link.txt --verbose=1
/Users/mac/anaconda/bin/cc    -isysroot /Applications/Xcode.app/Contents/Developer/Platforms/MacOSX.platform/Developer/SDKs/MacOSX10.12.sdk -Wl,-search_paths_first -Wl,-headerpad_max_install_names   CMakeFiles/cmTC_335de.dir/feature_tests.c.o  -o cmTC_335de 


    Feature record: C_FEATURE:1c_function_prototypes
    Feature record: C_FEATURE:1c_restrict
    Feature record: C_FEATURE:0c_static_assert
    Feature record: C_FEATURE:1c_variadic_macros


Detecting C [-std=c90] compiler features compiled with the following output:
Change Dir: /Users/mac/Desktop/ppp/selfcarRaspberryPi/build/CMakeFiles/CMakeTmp

Run Build Command:"/usr/bin/make" "cmTC_1b059/fast"
/Applications/Xcode.app/Contents/Developer/usr/bin/make -f CMakeFiles/cmTC_1b059.dir/build.make CMakeFiles/cmTC_1b059.dir/build
Building C object CMakeFiles/cmTC_1b059.dir/feature_tests.c.o
/Users/mac/anaconda/bin/cc    -isysroot /Applications/Xcode.app/Contents/Developer/Platforms/MacOSX.platform/Developer/SDKs/MacOSX10.12.sdk   -std=c90 -o CMakeFiles/cmTC_1b059.dir/feature_tests.c.o   -c /Users/mac/Desktop/ppp/selfcarRaspberryPi/build/CMakeFiles/feature_tests.c
Linking C executable cmTC_1b059
/Users/mac/anaconda/envs/tensorflow2.7/bin/cmake -E cmake_link_script CMakeFiles/cmTC_1b059.dir/link.txt --verbose=1
/Users/mac/anaconda/bin/cc    -isysroot /Applications/Xcode.app/Contents/Developer/Platforms/MacOSX.platform/Developer/SDKs/MacOSX10.12.sdk -Wl,-search_paths_first -Wl,-headerpad_max_install_names   CMakeFiles/cmTC_1b059.dir/feature_tests.c.o  -o cmTC_1b059 


    Feature record: C_FEATURE:1c_function_prototypes
    Feature record: C_FEATURE:0c_restrict
    Feature record: C_FEATURE:0c_static_assert
    Feature record: C_FEATURE:0c_variadic_macros
Determining if the CXX compiler works passed with the following output:
Change Dir: /Users/mac/Desktop/ppp/selfcarRaspberryPi/build/CMakeFiles/CMakeTmp

Run Build Command:"/usr/bin/make" "cmTC_39e03/fast"
/Applications/Xcode.app/Contents/Developer/usr/bin/make -f CMakeFiles/cmTC_39e03.dir/build.make CMakeFiles/cmTC_39e03.dir/build
Building CXX object CMakeFiles/cmTC_39e03.dir/testCXXCompiler.cxx.o
/Users/mac/anaconda/bin/c++     -isysroot /Applications/Xcode.app/Contents/Developer/Platforms/MacOSX.platform/Developer/SDKs/MacOSX10.12.sdk   -o CMakeFiles/cmTC_39e03.dir/testCXXCompiler.cxx.o -c /Users/mac/Desktop/ppp/selfcarRaspberryPi/build/CMakeFiles/CMakeTmp/testCXXCompiler.cxx
Linking CXX executable cmTC_39e03
/Users/mac/anaconda/envs/tensorflow2.7/bin/cmake -E cmake_link_script CMakeFiles/cmTC_39e03.dir/link.txt --verbose=1
/Users/mac/anaconda/bin/c++     -isysroot /Applications/Xcode.app/Contents/Developer/Platforms/MacOSX.platform/Developer/SDKs/MacOSX10.12.sdk -Wl,-search_paths_first -Wl,-headerpad_max_install_names   CMakeFiles/cmTC_39e03.dir/testCXXCompiler.cxx.o  -o cmTC_39e03 


Detecting CXX compiler ABI info compiled with the following output:
Change Dir: /Users/mac/Desktop/ppp/selfcarRaspberryPi/build/CMakeFiles/CMakeTmp

Run Build Command:"/usr/bin/make" "cmTC_3c33e/fast"
/Applications/Xcode.app/Contents/Developer/usr/bin/make -f CMakeFiles/cmTC_3c33e.dir/build.make CMakeFiles/cmTC_3c33e.dir/build
Building CXX object CMakeFiles/cmTC_3c33e.dir/CMakeCXXCompilerABI.cpp.o
/Users/mac/anaconda/bin/c++     -isysroot /Applications/Xcode.app/Contents/Developer/Platforms/MacOSX.platform/Developer/SDKs/MacOSX10.12.sdk   -o CMakeFiles/cmTC_3c33e.dir/CMakeCXXCompilerABI.cpp.o -c /Users/mac/anaconda/envs/tensorflow2.7/share/cmake-3.6/Modules/CMakeCXXCompilerABI.cpp
Linking CXX executable cmTC_3c33e
/Users/mac/anaconda/envs/tensorflow2.7/bin/cmake -E cmake_link_script CMakeFiles/cmTC_3c33e.dir/link.txt --verbose=1
/Users/mac/anaconda/bin/c++     -isysroot /Applications/Xcode.app/Contents/Developer/Platforms/MacOSX.platform/Developer/SDKs/MacOSX10.12.sdk -Wl,-search_paths_first -Wl,-headerpad_max_install_names  -v -Wl,-v CMakeFiles/cmTC_3c33e.dir/CMakeCXXCompilerABI.cpp.o  -o cmTC_3c33e  
Using built-in specs.
COLLECT_GCC=/Users/mac/anaconda/bin/c++
COLLECT_LTO_WRAPPER=/Users/mac/anaconda/bin/../libexec/gcc/x86_64-apple-darwin11.4.2/4.8.5/lto-wrapper
Target: x86_64-apple-darwin11.4.2
Configured with: ./configure --prefix=/Users/ray/mc-x64-3.5/conda-bld/gcc-4.8_1477649012852/_b_env_placehold_placehold_placehold_placehold_placehold_placehold_placehold_placehold_placehold_placehold_placehold_placehold_placehold_placehold_placehold_placehold_placehold_placehold_placehold_plac --with-gxx-include-dir=/Users/ray/mc-x64-3.5/conda-bld/gcc-4.8_1477649012852/_b_env_placehold_placehold_placehold_placehold_placehold_placehold_placehold_placehold_placehold_placehold_placehold_placehold_placehold_placehold_placehold_placehold_placehold_placehold_placehold_plac/gcc/include/c++ --bindir=/Users/ray/mc-x64-3.5/conda-bld/gcc-4.8_1477649012852/_b_env_placehold_placehold_placehold_placehold_placehold_placehold_placehold_placehold_placehold_placehold_placehold_placehold_placehold_placehold_placehold_placehold_placehold_placehold_placehold_plac/bin --datarootdir=/Users/ray/mc-x64-3.5/conda-bld/gcc-4.8_1477649012852/_b_env_placehold_placehold_placehold_placehold_placehold_placehold_placehold_placehold_placehold_placehold_placehold_placehold_placehold_placehold_placehold_placehold_placehold_placehold_placehold_plac/share --libdir=/Users/ray/mc-x64-3.5/conda-bld/gcc-4.8_1477649012852/_b_env_placehold_placehold_placehold_placehold_placehold_placehold_placehold_placehold_placehold_placehold_placehold_placehold_placehold_placehold_placehold_placehold_placehold_placehold_placehold_plac/lib --with-gmp=/Users/ray/mc-x64-3.5/conda-bld/gcc-4.8_1477649012852/_b_env_placehold_placehold_placehold_placehold_placehold_placehold_placehold_placehold_placehold_placehold_placehold_placehold_placehold_placehold_placehold_placehold_placehold_placehold_placehold_plac --with-mpfr=/Users/ray/mc-x64-3.5/conda-bld/gcc-4.8_1477649012852/_b_env_placehold_placehold_placehold_placehold_placehold_placehold_placehold_placehold_placehold_placehold_placehold_placehold_placehold_placehold_placehold_placehold_placehold_placehold_placehold_plac --with-mpc=/Users/ray/mc-x64-3.5/conda-bld/gcc-4.8_1477649012852/_b_env_placehold_placehold_placehold_placehold_placehold_placehold_placehold_placehold_placehold_placehold_placehold_placehold_placehold_placehold_placehold_placehold_placehold_placehold_placehold_plac --with-isl=/Users/ray/mc-x64-3.5/conda-bld/gcc-4.8_1477649012852/_b_env_placehold_placehold_placehold_placehold_placehold_placehold_placehold_placehold_placehold_placehold_placehold_placehold_placehold_placehold_placehold_placehold_placehold_placehold_placehold_plac --with-cloog=/Users/ray/mc-x64-3.5/conda-bld/gcc-4.8_1477649012852/_b_env_placehold_placehold_placehold_placehold_placehold_placehold_placehold_placehold_placehold_placehold_placehold_placehold_placehold_placehold_placehold_placehold_placehold_placehold_placehold_plac --with-boot-ldflags='-Wl,-headerpad_max_install_names -Wl,-L/Users/ray/mc-x64-3.5/conda-bld/gcc-4.8_1477649012852/_b_env_placehold_placehold_placehold_placehold_placehold_placehold_placehold_placehold_placehold_placehold_placehold_placehold_placehold_placehold_placehold_placehold_placehold_placehold_placehold_plac/lib -Wl,-L/usr/lib' --with-stage1-ldflags='-Wl,-headerpad_max_install_names -Wl,-L/Users/ray/mc-x64-3.5/conda-bld/gcc-4.8_1477649012852/_b_env_placehold_placehold_placehold_placehold_placehold_placehold_placehold_placehold_placehold_placehold_placehold_placehold_placehold_placehold_placehold_placehold_placehold_placehold_placehold_plac/lib -Wl,-L/usr/lib' --enable-checking=release --with-tune=generic --disable-multilib
Thread model: posix
gcc version 4.8.5 (GCC) 
COMPILER_PATH=/Users/mac/anaconda/bin/../libexec/gcc/x86_64-apple-darwin11.4.2/4.8.5/:/Users/mac/anaconda/bin/../libexec/gcc/
LIBRARY_PATH=/Users/mac/anaconda/bin/../lib/gcc/x86_64-apple-darwin11.4.2/4.8.5/:/Users/mac/anaconda/bin/../lib/gcc/:/Users/mac/anaconda/bin/../lib/gcc/x86_64-apple-darwin11.4.2/4.8.5/../../../:/usr/lib/
COLLECT_GCC_OPTIONS='-mmacosx-version-min=10.12.7' '-isysroot' '/Applications/Xcode.app/Contents/Developer/Platforms/MacOSX.platform/Developer/SDKs/MacOSX10.12.sdk' '-v' '-o' 'cmTC_3c33e' '-shared-libgcc' '-mtune=generic'
 /Users/mac/anaconda/bin/../libexec/gcc/x86_64-apple-darwin11.4.2/4.8.5/collect2 -dynamic -arch x86_64 -macosx_version_min 10.12.7 -syslibroot /Applications/Xcode.app/Contents/Developer/Platforms/MacOSX.platform/Developer/SDKs/MacOSX10.12.sdk -weak_reference_mismatches non-weak -o cmTC_3c33e -L/Users/mac/anaconda/bin/../lib/gcc/x86_64-apple-darwin11.4.2/4.8.5 -L/Users/mac/anaconda/bin/../lib/gcc -L/Users/mac/anaconda/bin/../lib/gcc/x86_64-apple-darwin11.4.2/4.8.5/../../.. -search_paths_first -headerpad_max_install_names -v CMakeFiles/cmTC_3c33e.dir/CMakeCXXCompilerABI.cpp.o -lstdc++ -no_compact_unwind -lSystem -lgcc_ext.10.5 -lgcc -lSystem -v
collect2 version 4.8.5
/usr/bin/ld -dynamic -arch x86_64 -macosx_version_min 10.12.7 -syslibroot /Applications/Xcode.app/Contents/Developer/Platforms/MacOSX.platform/Developer/SDKs/MacOSX10.12.sdk -weak_reference_mismatches non-weak -o cmTC_3c33e -L/Users/mac/anaconda/bin/../lib/gcc/x86_64-apple-darwin11.4.2/4.8.5 -L/Users/mac/anaconda/bin/../lib/gcc -L/Users/mac/anaconda/bin/../lib/gcc/x86_64-apple-darwin11.4.2/4.8.5/../../.. -search_paths_first -headerpad_max_install_names -v CMakeFiles/cmTC_3c33e.dir/CMakeCXXCompilerABI.cpp.o -lstdc++ -no_compact_unwind -lSystem -lgcc_ext.10.5 -lgcc -lSystem -v
@(#)PROGRAM:ld  PROJECT:ld64-278.4
configured to support archs: armv6 armv7 armv7s arm64 i386 x86_64 x86_64h armv6m armv7k armv7m armv7em (tvOS)
@(#)PROGRAM:ld  PROJECT:ld64-278.4
configured to support archs: armv6 armv7 armv7s arm64 i386 x86_64 x86_64h armv6m armv7k armv7m armv7em (tvOS)
Library search paths:
	/Users/mac/anaconda/lib/gcc/x86_64-apple-darwin11.4.2/4.8.5
	/Users/mac/anaconda/lib/gcc
	/Users/mac/anaconda/lib
	/Applications/Xcode.app/Contents/Developer/Platforms/MacOSX.platform/Developer/SDKs/MacOSX10.12.sdk/usr/lib
Framework search paths:
	/Applications/Xcode.app/Contents/Developer/Platforms/MacOSX.platform/Developer/SDKs/MacOSX10.12.sdk/System/Library/Frameworks/


Parsed CXX implicit link information from above output:
  link line regex: [^( *|.*[/\])(ld|([^/\]+-)?ld|collect2)[^/\]*( |$)]
  ignore line: [Change Dir: /Users/mac/Desktop/ppp/selfcarRaspberryPi/build/CMakeFiles/CMakeTmp]
  ignore line: []
  ignore line: [Run Build Command:"/usr/bin/make" "cmTC_3c33e/fast"]
  ignore line: [/Applications/Xcode.app/Contents/Developer/usr/bin/make -f CMakeFiles/cmTC_3c33e.dir/build.make CMakeFiles/cmTC_3c33e.dir/build]
  ignore line: [Building CXX object CMakeFiles/cmTC_3c33e.dir/CMakeCXXCompilerABI.cpp.o]
  ignore line: [/Users/mac/anaconda/bin/c++     -isysroot /Applications/Xcode.app/Contents/Developer/Platforms/MacOSX.platform/Developer/SDKs/MacOSX10.12.sdk   -o CMakeFiles/cmTC_3c33e.dir/CMakeCXXCompilerABI.cpp.o -c /Users/mac/anaconda/envs/tensorflow2.7/share/cmake-3.6/Modules/CMakeCXXCompilerABI.cpp]
  ignore line: [Linking CXX executable cmTC_3c33e]
  ignore line: [/Users/mac/anaconda/envs/tensorflow2.7/bin/cmake -E cmake_link_script CMakeFiles/cmTC_3c33e.dir/link.txt --verbose=1]
  ignore line: [/Users/mac/anaconda/bin/c++     -isysroot /Applications/Xcode.app/Contents/Developer/Platforms/MacOSX.platform/Developer/SDKs/MacOSX10.12.sdk -Wl,-search_paths_first -Wl,-headerpad_max_install_names  -v -Wl,-v CMakeFiles/cmTC_3c33e.dir/CMakeCXXCompilerABI.cpp.o  -o cmTC_3c33e  ]
  ignore line: [Using built-in specs.]
  ignore line: [COLLECT_GCC=/Users/mac/anaconda/bin/c++]
  ignore line: [COLLECT_LTO_WRAPPER=/Users/mac/anaconda/bin/../libexec/gcc/x86_64-apple-darwin11.4.2/4.8.5/lto-wrapper]
  ignore line: [Target: x86_64-apple-darwin11.4.2]
  ignore line: [Configured with: ./configure --prefix=/Users/ray/mc-x64-3.5/conda-bld/gcc-4.8_1477649012852/_b_env_placehold_placehold_placehold_placehold_placehold_placehold_placehold_placehold_placehold_placehold_placehold_placehold_placehold_placehold_placehold_placehold_placehold_placehold_placehold_plac --with-gxx-include-dir=/Users/ray/mc-x64-3.5/conda-bld/gcc-4.8_1477649012852/_b_env_placehold_placehold_placehold_placehold_placehold_placehold_placehold_placehold_placehold_placehold_placehold_placehold_placehold_placehold_placehold_placehold_placehold_placehold_placehold_plac/gcc/include/c++ --bindir=/Users/ray/mc-x64-3.5/conda-bld/gcc-4.8_1477649012852/_b_env_placehold_placehold_placehold_placehold_placehold_placehold_placehold_placehold_placehold_placehold_placehold_placehold_placehold_placehold_placehold_placehold_placehold_placehold_placehold_plac/bin --datarootdir=/Users/ray/mc-x64-3.5/conda-bld/gcc-4.8_1477649012852/_b_env_placehold_placehold_placehold_placehold_placehold_placehold_placehold_placehold_placehold_placehold_placehold_placehold_placehold_placehold_placehold_placehold_placehold_placehold_placehold_plac/share --libdir=/Users/ray/mc-x64-3.5/conda-bld/gcc-4.8_1477649012852/_b_env_placehold_placehold_placehold_placehold_placehold_placehold_placehold_placehold_placehold_placehold_placehold_placehold_placehold_placehold_placehold_placehold_placehold_placehold_placehold_plac/lib --with-gmp=/Users/ray/mc-x64-3.5/conda-bld/gcc-4.8_1477649012852/_b_env_placehold_placehold_placehold_placehold_placehold_placehold_placehold_placehold_placehold_placehold_placehold_placehold_placehold_placehold_placehold_placehold_placehold_placehold_placehold_plac --with-mpfr=/Users/ray/mc-x64-3.5/conda-bld/gcc-4.8_1477649012852/_b_env_placehold_placehold_placehold_placehold_placehold_placehold_placehold_placehold_placehold_placehold_placehold_placehold_placehold_placehold_placehold_placehold_placehold_placehold_placehold_plac --with-mpc=/Users/ray/mc-x64-3.5/conda-bld/gcc-4.8_1477649012852/_b_env_placehold_placehold_placehold_placehold_placehold_placehold_placehold_placehold_placehold_placehold_placehold_placehold_placehold_placehold_placehold_placehold_placehold_placehold_placehold_plac --with-isl=/Users/ray/mc-x64-3.5/conda-bld/gcc-4.8_1477649012852/_b_env_placehold_placehold_placehold_placehold_placehold_placehold_placehold_placehold_placehold_placehold_placehold_placehold_placehold_placehold_placehold_placehold_placehold_placehold_placehold_plac --with-cloog=/Users/ray/mc-x64-3.5/conda-bld/gcc-4.8_1477649012852/_b_env_placehold_placehold_placehold_placehold_placehold_placehold_placehold_placehold_placehold_placehold_placehold_placehold_placehold_placehold_placehold_placehold_placehold_placehold_placehold_plac --with-boot-ldflags='-Wl,-headerpad_max_install_names -Wl,-L/Users/ray/mc-x64-3.5/conda-bld/gcc-4.8_1477649012852/_b_env_placehold_placehold_placehold_placehold_placehold_placehold_placehold_placehold_placehold_placehold_placehold_placehold_placehold_placehold_placehold_placehold_placehold_placehold_placehold_plac/lib -Wl,-L/usr/lib' --with-stage1-ldflags='-Wl,-headerpad_max_install_names -Wl,-L/Users/ray/mc-x64-3.5/conda-bld/gcc-4.8_1477649012852/_b_env_placehold_placehold_placehold_placehold_placehold_placehold_placehold_placehold_placehold_placehold_placehold_placehold_placehold_placehold_placehold_placehold_placehold_placehold_placehold_plac/lib -Wl,-L/usr/lib' --enable-checking=release --with-tune=generic --disable-multilib]
  ignore line: [Thread model: posix]
  ignore line: [gcc version 4.8.5 (GCC) ]
  ignore line: [COMPILER_PATH=/Users/mac/anaconda/bin/../libexec/gcc/x86_64-apple-darwin11.4.2/4.8.5/:/Users/mac/anaconda/bin/../libexec/gcc/]
  ignore line: [LIBRARY_PATH=/Users/mac/anaconda/bin/../lib/gcc/x86_64-apple-darwin11.4.2/4.8.5/:/Users/mac/anaconda/bin/../lib/gcc/:/Users/mac/anaconda/bin/../lib/gcc/x86_64-apple-darwin11.4.2/4.8.5/../../../:/usr/lib/]
  ignore line: [COLLECT_GCC_OPTIONS='-mmacosx-version-min=10.12.7' '-isysroot' '/Applications/Xcode.app/Contents/Developer/Platforms/MacOSX.platform/Developer/SDKs/MacOSX10.12.sdk' '-v' '-o' 'cmTC_3c33e' '-shared-libgcc' '-mtune=generic']
  link line: [ /Users/mac/anaconda/bin/../libexec/gcc/x86_64-apple-darwin11.4.2/4.8.5/collect2 -dynamic -arch x86_64 -macosx_version_min 10.12.7 -syslibroot /Applications/Xcode.app/Contents/Developer/Platforms/MacOSX.platform/Developer/SDKs/MacOSX10.12.sdk -weak_reference_mismatches non-weak -o cmTC_3c33e -L/Users/mac/anaconda/bin/../lib/gcc/x86_64-apple-darwin11.4.2/4.8.5 -L/Users/mac/anaconda/bin/../lib/gcc -L/Users/mac/anaconda/bin/../lib/gcc/x86_64-apple-darwin11.4.2/4.8.5/../../.. -search_paths_first -headerpad_max_install_names -v CMakeFiles/cmTC_3c33e.dir/CMakeCXXCompilerABI.cpp.o -lstdc++ -no_compact_unwind -lSystem -lgcc_ext.10.5 -lgcc -lSystem -v]
    arg [/Users/mac/anaconda/bin/../libexec/gcc/x86_64-apple-darwin11.4.2/4.8.5/collect2] ==> ignore
    arg [-dynamic] ==> ignore
    arg [-arch] ==> ignore
    arg [x86_64] ==> ignore
    arg [-macosx_version_min] ==> ignore
    arg [10.12.7] ==> ignore
    arg [-syslibroot] ==> ignore
    arg [/Applications/Xcode.app/Contents/Developer/Platforms/MacOSX.platform/Developer/SDKs/MacOSX10.12.sdk] ==> ignore
    arg [-weak_reference_mismatches] ==> ignore
    arg [non-weak] ==> ignore
    arg [-o] ==> ignore
    arg [cmTC_3c33e] ==> ignore
    arg [-L/Users/mac/anaconda/bin/../lib/gcc/x86_64-apple-darwin11.4.2/4.8.5] ==> dir [/Users/mac/anaconda/bin/../lib/gcc/x86_64-apple-darwin11.4.2/4.8.5]
    arg [-L/Users/mac/anaconda/bin/../lib/gcc] ==> dir [/Users/mac/anaconda/bin/../lib/gcc]
    arg [-L/Users/mac/anaconda/bin/../lib/gcc/x86_64-apple-darwin11.4.2/4.8.5/../../..] ==> dir [/Users/mac/anaconda/bin/../lib/gcc/x86_64-apple-darwin11.4.2/4.8.5/../../..]
    arg [-search_paths_first] ==> ignore
    arg [-headerpad_max_install_names] ==> ignore
    arg [-v] ==> ignore
    arg [CMakeFiles/cmTC_3c33e.dir/CMakeCXXCompilerABI.cpp.o] ==> ignore
    arg [-lstdc++] ==> lib [stdc++]
    arg [-no_compact_unwind] ==> ignore
    arg [-lSystem] ==> lib [System]
    arg [-lgcc_ext.10.5] ==> lib [gcc_ext.10.5]
    arg [-lgcc] ==> lib [gcc]
    arg [-lSystem] ==> lib [System]
    arg [-v] ==> ignore
  ignore line: [collect2 version 4.8.5]
  link line: [/usr/bin/ld -dynamic -arch x86_64 -macosx_version_min 10.12.7 -syslibroot /Applications/Xcode.app/Contents/Developer/Platforms/MacOSX.platform/Developer/SDKs/MacOSX10.12.sdk -weak_reference_mismatches non-weak -o cmTC_3c33e -L/Users/mac/anaconda/bin/../lib/gcc/x86_64-apple-darwin11.4.2/4.8.5 -L/Users/mac/anaconda/bin/../lib/gcc -L/Users/mac/anaconda/bin/../lib/gcc/x86_64-apple-darwin11.4.2/4.8.5/../../.. -search_paths_first -headerpad_max_install_names -v CMakeFiles/cmTC_3c33e.dir/CMakeCXXCompilerABI.cpp.o -lstdc++ -no_compact_unwind -lSystem -lgcc_ext.10.5 -lgcc -lSystem -v]
    arg [/usr/bin/ld] ==> ignore
    arg [-dynamic] ==> ignore
    arg [-arch] ==> ignore
    arg [x86_64] ==> ignore
    arg [-macosx_version_min] ==> ignore
    arg [10.12.7] ==> ignore
    arg [-syslibroot] ==> ignore
    arg [/Applications/Xcode.app/Contents/Developer/Platforms/MacOSX.platform/Developer/SDKs/MacOSX10.12.sdk] ==> ignore
    arg [-weak_reference_mismatches] ==> ignore
    arg [non-weak] ==> ignore
    arg [-o] ==> ignore
    arg [cmTC_3c33e] ==> ignore
    arg [-L/Users/mac/anaconda/bin/../lib/gcc/x86_64-apple-darwin11.4.2/4.8.5] ==> dir [/Users/mac/anaconda/bin/../lib/gcc/x86_64-apple-darwin11.4.2/4.8.5]
    arg [-L/Users/mac/anaconda/bin/../lib/gcc] ==> dir [/Users/mac/anaconda/bin/../lib/gcc]
    arg [-L/Users/mac/anaconda/bin/../lib/gcc/x86_64-apple-darwin11.4.2/4.8.5/../../..] ==> dir [/Users/mac/anaconda/bin/../lib/gcc/x86_64-apple-darwin11.4.2/4.8.5/../../..]
    arg [-search_paths_first] ==> ignore
    arg [-headerpad_max_install_names] ==> ignore
    arg [-v] ==> ignore
    arg [CMakeFiles/cmTC_3c33e.dir/CMakeCXXCompilerABI.cpp.o] ==> ignore
    arg [-lstdc++] ==> lib [stdc++]
    arg [-no_compact_unwind] ==> ignore
    arg [-lSystem] ==> lib [System]
    arg [-lgcc_ext.10.5] ==> lib [gcc_ext.10.5]
    arg [-lgcc] ==> lib [gcc]
    arg [-lSystem] ==> lib [System]
    arg [-v] ==> ignore
  ignore line: [@(#)PROGRAM:ld  PROJECT:ld64-278.4]
  ignore line: [configured to support archs: armv6 armv7 armv7s arm64 i386 x86_64 x86_64h armv6m armv7k armv7m armv7em (tvOS)]
  ignore line: [@(#)PROGRAM:ld  PROJECT:ld64-278.4]
  ignore line: [configured to support archs: armv6 armv7 armv7s arm64 i386 x86_64 x86_64h armv6m armv7k armv7m armv7em (tvOS)]
  ignore line: [Library search paths:]
  ignore line: [	/Users/mac/anaconda/lib/gcc/x86_64-apple-darwin11.4.2/4.8.5]
  ignore line: [	/Users/mac/anaconda/lib/gcc]
  ignore line: [	/Users/mac/anaconda/lib]
  ignore line: [	/Applications/Xcode.app/Contents/Developer/Platforms/MacOSX.platform/Developer/SDKs/MacOSX10.12.sdk/usr/lib]
  ignore line: [Framework search paths:]
  ignore line: [	/Applications/Xcode.app/Contents/Developer/Platforms/MacOSX.platform/Developer/SDKs/MacOSX10.12.sdk/System/Library/Frameworks/]
  ignore line: []
  Library search paths: [;/Users/mac/anaconda/lib/gcc/x86_64-apple-darwin11.4.2/4.8.5;/Users/mac/anaconda/lib/gcc;/Users/mac/anaconda/lib;/Applications/Xcode.app/Contents/Developer/Platforms/MacOSX.platform/Developer/SDKs/MacOSX10.12.sdk/usr/lib]
  Framework search paths: [;/Applications/Xcode.app/Contents/Developer/Platforms/MacOSX.platform/Developer/SDKs/MacOSX10.12.sdk/System/Library/Frameworks/]
  remove lib [System]
  remove lib [gcc_ext.10.5]
  remove lib [gcc]
  remove lib [System]
  remove lib [System]
  remove lib [gcc_ext.10.5]
  remove lib [gcc]
  remove lib [System]
  collapse library dir [/Users/mac/anaconda/bin/../lib/gcc/x86_64-apple-darwin11.4.2/4.8.5] ==> [/Users/mac/anaconda/lib/gcc/x86_64-apple-darwin11.4.2/4.8.5]
  collapse library dir [/Users/mac/anaconda/bin/../lib/gcc] ==> [/Users/mac/anaconda/lib/gcc]
  collapse library dir [/Users/mac/anaconda/bin/../lib/gcc/x86_64-apple-darwin11.4.2/4.8.5/../../..] ==> [/Users/mac/anaconda/lib]
  collapse library dir [/Users/mac/anaconda/bin/../lib/gcc/x86_64-apple-darwin11.4.2/4.8.5] ==> [/Users/mac/anaconda/lib/gcc/x86_64-apple-darwin11.4.2/4.8.5]
  collapse library dir [/Users/mac/anaconda/bin/../lib/gcc] ==> [/Users/mac/anaconda/lib/gcc]
  collapse library dir [/Users/mac/anaconda/bin/../lib/gcc/x86_64-apple-darwin11.4.2/4.8.5/../../..] ==> [/Users/mac/anaconda/lib]
  collapse library dir [/Users/mac/anaconda/lib/gcc/x86_64-apple-darwin11.4.2/4.8.5] ==> [/Users/mac/anaconda/lib/gcc/x86_64-apple-darwin11.4.2/4.8.5]
  collapse library dir [/Users/mac/anaconda/lib/gcc] ==> [/Users/mac/anaconda/lib/gcc]
  collapse library dir [/Users/mac/anaconda/lib] ==> [/Users/mac/anaconda/lib]
  collapse library dir [/Applications/Xcode.app/Contents/Developer/Platforms/MacOSX.platform/Developer/SDKs/MacOSX10.12.sdk/usr/lib] ==> [/Applications/Xcode.app/Contents/Developer/Platforms/MacOSX.platform/Developer/SDKs/MacOSX10.12.sdk/usr/lib]
  collapse framework dir [/Applications/Xcode.app/Contents/Developer/Platforms/MacOSX.platform/Developer/SDKs/MacOSX10.12.sdk/System/Library/Frameworks/] ==> [/Applications/Xcode.app/Contents/Developer/Platforms/MacOSX.platform/Developer/SDKs/MacOSX10.12.sdk/System/Library/Frameworks]
  linker did not report search dirs, re-using implicit dirs
  implicit libs: [stdc++;stdc++]
  implicit dirs: [/Users/mac/anaconda/lib/gcc/x86_64-apple-darwin11.4.2/4.8.5;/Users/mac/anaconda/lib/gcc;/Users/mac/anaconda/lib;/Applications/Xcode.app/Contents/Developer/Platforms/MacOSX.platform/Developer/SDKs/MacOSX10.12.sdk/usr/lib]
  implicit linker search dirs: [/Users/mac/anaconda/lib/gcc/x86_64-apple-darwin11.4.2/4.8.5;/Users/mac/anaconda/lib/gcc;/Users/mac/anaconda/lib;/Applications/Xcode.app/Contents/Developer/Platforms/MacOSX.platform/Developer/SDKs/MacOSX10.12.sdk/usr/lib]
  implicit fwks: [/Applications/Xcode.app/Contents/Developer/Platforms/MacOSX.platform/Developer/SDKs/MacOSX10.12.sdk/System/Library/Frameworks]




Detecting CXX [-std=c++1y] compiler features compiled with the following output:
Change Dir: /Users/mac/Desktop/ppp/selfcarRaspberryPi/build/CMakeFiles/CMakeTmp

Run Build Command:"/usr/bin/make" "cmTC_c5146/fast"
/Applications/Xcode.app/Contents/Developer/usr/bin/make -f CMakeFiles/cmTC_c5146.dir/build.make CMakeFiles/cmTC_c5146.dir/build
Building CXX object CMakeFiles/cmTC_c5146.dir/feature_tests.cxx.o
/Users/mac/anaconda/bin/c++     -isysroot /Applications/Xcode.app/Contents/Developer/Platforms/MacOSX.platform/Developer/SDKs/MacOSX10.12.sdk   -std=c++1y -o CMakeFiles/cmTC_c5146.dir/feature_tests.cxx.o -c /Users/mac/Desktop/ppp/selfcarRaspberryPi/build/CMakeFiles/feature_tests.cxx
Linking CXX executable cmTC_c5146
/Users/mac/anaconda/envs/tensorflow2.7/bin/cmake -E cmake_link_script CMakeFiles/cmTC_c5146.dir/link.txt --verbose=1
/Users/mac/anaconda/bin/c++     -isysroot /Applications/Xcode.app/Contents/Developer/Platforms/MacOSX.platform/Developer/SDKs/MacOSX10.12.sdk -Wl,-search_paths_first -Wl,-headerpad_max_install_names   CMakeFiles/cmTC_c5146.dir/feature_tests.cxx.o  -o cmTC_c5146 


    Feature record: CXX_FEATURE:0cxx_aggregate_default_initializers
    Feature record: CXX_FEATURE:1cxx_alias_templates
    Feature record: CXX_FEATURE:1cxx_alignas
    Feature record: CXX_FEATURE:1cxx_alignof
    Feature record: CXX_FEATURE:1cxx_attributes
    Feature record: CXX_FEATURE:0cxx_attribute_deprecated
    Feature record: CXX_FEATURE:1cxx_auto_type
    Feature record: CXX_FEATURE:0cxx_binary_literals
    Feature record: CXX_FEATURE:1cxx_constexpr
    Feature record: CXX_FEATURE:0cxx_contextual_conversions
    Feature record: CXX_FEATURE:1cxx_decltype
    Feature record: CXX_FEATURE:0cxx_decltype_auto
    Feature record: CXX_FEATURE:1cxx_decltype_incomplete_return_types
    Feature record: CXX_FEATURE:1cxx_default_function_template_args
    Feature record: CXX_FEATURE:1cxx_defaulted_functions
    Feature record: CXX_FEATURE:1cxx_defaulted_move_initializers
    Feature record: CXX_FEATURE:1cxx_delegating_constructors
    Feature record: CXX_FEATURE:1cxx_deleted_functions
    Feature record: CXX_FEATURE:0cxx_digit_separators
    Feature record: CXX_FEATURE:1cxx_enum_forward_declarations
    Feature record: CXX_FEATURE:1cxx_explicit_conversions
    Feature record: CXX_FEATURE:1cxx_extended_friend_declarations
    Feature record: CXX_FEATURE:1cxx_extern_templates
    Feature record: CXX_FEATURE:1cxx_final
    Feature record: CXX_FEATURE:1cxx_func_identifier
    Feature record: CXX_FEATURE:1cxx_generalized_initializers
    Feature record: CXX_FEATURE:0cxx_generic_lambdas
    Feature record: CXX_FEATURE:1cxx_inheriting_constructors
    Feature record: CXX_FEATURE:1cxx_inline_namespaces
    Feature record: CXX_FEATURE:1cxx_lambdas
    Feature record: CXX_FEATURE:0cxx_lambda_init_captures
    Feature record: CXX_FEATURE:1cxx_local_type_template_args
    Feature record: CXX_FEATURE:1cxx_long_long_type
    Feature record: CXX_FEATURE:1cxx_noexcept
    Feature record: CXX_FEATURE:1cxx_nonstatic_member_init
    Feature record: CXX_FEATURE:1cxx_nullptr
    Feature record: CXX_FEATURE:1cxx_override
    Feature record: CXX_FEATURE:1cxx_range_for
    Feature record: CXX_FEATURE:1cxx_raw_string_literals
    Feature record: CXX_FEATURE:1cxx_reference_qualified_functions
    Feature record: CXX_FEATURE:0cxx_relaxed_constexpr
    Feature record: CXX_FEATURE:0cxx_return_type_deduction
    Feature record: CXX_FEATURE:1cxx_right_angle_brackets
    Feature record: CXX_FEATURE:1cxx_rvalue_references
    Feature record: CXX_FEATURE:1cxx_sizeof_member
    Feature record: CXX_FEATURE:1cxx_static_assert
    Feature record: CXX_FEATURE:1cxx_strong_enums
    Feature record: CXX_FEATURE:1cxx_template_template_parameters
    Feature record: CXX_FEATURE:1cxx_thread_local
    Feature record: CXX_FEATURE:1cxx_trailing_return_types
    Feature record: CXX_FEATURE:1cxx_unicode_literals
    Feature record: CXX_FEATURE:1cxx_uniform_initialization
    Feature record: CXX_FEATURE:1cxx_unrestricted_unions
    Feature record: CXX_FEATURE:1cxx_user_literals
    Feature record: CXX_FEATURE:0cxx_variable_templates
    Feature record: CXX_FEATURE:1cxx_variadic_macros
    Feature record: CXX_FEATURE:1cxx_variadic_templates


Detecting CXX [-std=c++11] compiler features compiled with the following output:
Change Dir: /Users/mac/Desktop/ppp/selfcarRaspberryPi/build/CMakeFiles/CMakeTmp

Run Build Command:"/usr/bin/make" "cmTC_672e9/fast"
/Applications/Xcode.app/Contents/Developer/usr/bin/make -f CMakeFiles/cmTC_672e9.dir/build.make CMakeFiles/cmTC_672e9.dir/build
Building CXX object CMakeFiles/cmTC_672e9.dir/feature_tests.cxx.o
/Users/mac/anaconda/bin/c++     -isysroot /Applications/Xcode.app/Contents/Developer/Platforms/MacOSX.platform/Developer/SDKs/MacOSX10.12.sdk   -std=c++11 -o CMakeFiles/cmTC_672e9.dir/feature_tests.cxx.o -c /Users/mac/Desktop/ppp/selfcarRaspberryPi/build/CMakeFiles/feature_tests.cxx
Linking CXX executable cmTC_672e9
/Users/mac/anaconda/envs/tensorflow2.7/bin/cmake -E cmake_link_script CMakeFiles/cmTC_672e9.dir/link.txt --verbose=1
/Users/mac/anaconda/bin/c++     -isysroot /Applications/Xcode.app/Contents/Developer/Platforms/MacOSX.platform/Developer/SDKs/MacOSX10.12.sdk -Wl,-search_paths_first -Wl,-headerpad_max_install_names   CMakeFiles/cmTC_672e9.dir/feature_tests.cxx.o  -o cmTC_672e9 


    Feature record: CXX_FEATURE:0cxx_aggregate_default_initializers
    Feature record: CXX_FEATURE:1cxx_alias_templates
    Feature record: CXX_FEATURE:1cxx_alignas
    Feature record: CXX_FEATURE:1cxx_alignof
    Feature record: CXX_FEATURE:1cxx_attributes
    Feature record: CXX_FEATURE:0cxx_attribute_deprecated
    Feature record: CXX_FEATURE:1cxx_auto_type
    Feature record: CXX_FEATURE:0cxx_binary_literals
    Feature record: CXX_FEATURE:1cxx_constexpr
    Feature record: CXX_FEATURE:0cxx_contextual_conversions
    Feature record: CXX_FEATURE:1cxx_decltype
    Feature record: CXX_FEATURE:0cxx_decltype_auto
    Feature record: CXX_FEATURE:1cxx_decltype_incomplete_return_types
    Feature record: CXX_FEATURE:1cxx_default_function_template_args
    Feature record: CXX_FEATURE:1cxx_defaulted_functions
    Feature record: CXX_FEATURE:1cxx_defaulted_move_initializers
    Feature record: CXX_FEATURE:1cxx_delegating_constructors
    Feature record: CXX_FEATURE:1cxx_deleted_functions
    Feature record: CXX_FEATURE:0cxx_digit_separators
    Feature record: CXX_FEATURE:1cxx_enum_forward_declarations
    Feature record: CXX_FEATURE:1cxx_explicit_conversions
    Feature record: CXX_FEATURE:1cxx_extended_friend_declarations
    Feature record: CXX_FEATURE:1cxx_extern_templates
    Feature record: CXX_FEATURE:1cxx_final
    Feature record: CXX_FEATURE:1cxx_func_identifier
    Feature record: CXX_FEATURE:1cxx_generalized_initializers
    Feature record: CXX_FEATURE:0cxx_generic_lambdas
    Feature record: CXX_FEATURE:1cxx_inheriting_constructors
    Feature record: CXX_FEATURE:1cxx_inline_namespaces
    Feature record: CXX_FEATURE:1cxx_lambdas
    Feature record: CXX_FEATURE:0cxx_lambda_init_captures
    Feature record: CXX_FEATURE:1cxx_local_type_template_args
    Feature record: CXX_FEATURE:1cxx_long_long_type
    Feature record: CXX_FEATURE:1cxx_noexcept
    Feature record: CXX_FEATURE:1cxx_nonstatic_member_init
    Feature record: CXX_FEATURE:1cxx_nullptr
    Feature record: CXX_FEATURE:1cxx_override
    Feature record: CXX_FEATURE:1cxx_range_for
    Feature record: CXX_FEATURE:1cxx_raw_string_literals
    Feature record: CXX_FEATURE:1cxx_reference_qualified_functions
    Feature record: CXX_FEATURE:0cxx_relaxed_constexpr
    Feature record: CXX_FEATURE:0cxx_return_type_deduction
    Feature record: CXX_FEATURE:1cxx_right_angle_brackets
    Feature record: CXX_FEATURE:1cxx_rvalue_references
    Feature record: CXX_FEATURE:1cxx_sizeof_member
    Feature record: CXX_FEATURE:1cxx_static_assert
    Feature record: CXX_FEATURE:1cxx_strong_enums
    Feature record: CXX_FEATURE:1cxx_template_template_parameters
    Feature record: CXX_FEATURE:1cxx_thread_local
    Feature record: CXX_FEATURE:1cxx_trailing_return_types
    Feature record: CXX_FEATURE:1cxx_unicode_literals
    Feature record: CXX_FEATURE:1cxx_uniform_initialization
    Feature record: CXX_FEATURE:1cxx_unrestricted_unions
    Feature record: CXX_FEATURE:1cxx_user_literals
    Feature record: CXX_FEATURE:0cxx_variable_templates
    Feature record: CXX_FEATURE:1cxx_variadic_macros
    Feature record: CXX_FEATURE:1cxx_variadic_templates


Detecting CXX [-std=c++98] compiler features compiled with the following output:
Change Dir: /Users/mac/Desktop/ppp/selfcarRaspberryPi/build/CMakeFiles/CMakeTmp

Run Build Command:"/usr/bin/make" "cmTC_435f9/fast"
/Applications/Xcode.app/Contents/Developer/usr/bin/make -f CMakeFiles/cmTC_435f9.dir/build.make CMakeFiles/cmTC_435f9.dir/build
Building CXX object CMakeFiles/cmTC_435f9.dir/feature_tests.cxx.o
/Users/mac/anaconda/bin/c++     -isysroot /Applications/Xcode.app/Contents/Developer/Platforms/MacOSX.platform/Developer/SDKs/MacOSX10.12.sdk   -std=c++98 -o CMakeFiles/cmTC_435f9.dir/feature_tests.cxx.o -c /Users/mac/Desktop/ppp/selfcarRaspberryPi/build/CMakeFiles/feature_tests.cxx
Linking CXX executable cmTC_435f9
/Users/mac/anaconda/envs/tensorflow2.7/bin/cmake -E cmake_link_script CMakeFiles/cmTC_435f9.dir/link.txt --verbose=1
/Users/mac/anaconda/bin/c++     -isysroot /Applications/Xcode.app/Contents/Developer/Platforms/MacOSX.platform/Developer/SDKs/MacOSX10.12.sdk -Wl,-search_paths_first -Wl,-headerpad_max_install_names   CMakeFiles/cmTC_435f9.dir/feature_tests.cxx.o  -o cmTC_435f9 


    Feature record: CXX_FEATURE:0cxx_aggregate_default_initializers
    Feature record: CXX_FEATURE:0cxx_alias_templates
    Feature record: CXX_FEATURE:0cxx_alignas
    Feature record: CXX_FEATURE:0cxx_alignof
    Feature record: CXX_FEATURE:0cxx_attributes
    Feature record: CXX_FEATURE:0cxx_attribute_deprecated
    Feature record: CXX_FEATURE:0cxx_auto_type
    Feature record: CXX_FEATURE:0cxx_binary_literals
    Feature record: CXX_FEATURE:0cxx_constexpr
    Feature record: CXX_FEATURE:0cxx_contextual_conversions
    Feature record: CXX_FEATURE:0cxx_decltype
    Feature record: CXX_FEATURE:0cxx_decltype_auto
    Feature record: CXX_FEATURE:0cxx_decltype_incomplete_return_types
    Feature record: CXX_FEATURE:0cxx_default_function_template_args
    Feature record: CXX_FEATURE:0cxx_defaulted_functions
    Feature record: CXX_FEATURE:0cxx_defaulted_move_initializers
    Feature record: CXX_FEATURE:0cxx_delegating_constructors
    Feature record: CXX_FEATURE:0cxx_deleted_functions
    Feature record: CXX_FEATURE:0cxx_digit_separators
    Feature record: CXX_FEATURE:0cxx_enum_forward_declarations
    Feature record: CXX_FEATURE:0cxx_explicit_conversions
    Feature record: CXX_FEATURE:0cxx_extended_friend_declarations
    Feature record: CXX_FEATURE:0cxx_extern_templates
    Feature record: CXX_FEATURE:0cxx_final
    Feature record: CXX_FEATURE:0cxx_func_identifier
    Feature record: CXX_FEATURE:0cxx_generalized_initializers
    Feature record: CXX_FEATURE:0cxx_generic_lambdas
    Feature record: CXX_FEATURE:0cxx_inheriting_constructors
    Feature record: CXX_FEATURE:0cxx_inline_namespaces
    Feature record: CXX_FEATURE:0cxx_lambdas
    Feature record: CXX_FEATURE:0cxx_lambda_init_captures
    Feature record: CXX_FEATURE:0cxx_local_type_template_args
    Feature record: CXX_FEATURE:0cxx_long_long_type
    Feature record: CXX_FEATURE:0cxx_noexcept
    Feature record: CXX_FEATURE:0cxx_nonstatic_member_init
    Feature record: CXX_FEATURE:0cxx_nullptr
    Feature record: CXX_FEATURE:0cxx_override
    Feature record: CXX_FEATURE:0cxx_range_for
    Feature record: CXX_FEATURE:0cxx_raw_string_literals
    Feature record: CXX_FEATURE:0cxx_reference_qualified_functions
    Feature record: CXX_FEATURE:0cxx_relaxed_constexpr
    Feature record: CXX_FEATURE:0cxx_return_type_deduction
    Feature record: CXX_FEATURE:0cxx_right_angle_brackets
    Feature record: CXX_FEATURE:0cxx_rvalue_references
    Feature record: CXX_FEATURE:0cxx_sizeof_member
    Feature record: CXX_FEATURE:0cxx_static_assert
    Feature record: CXX_FEATURE:0cxx_strong_enums
    Feature record: CXX_FEATURE:1cxx_template_template_parameters
    Feature record: CXX_FEATURE:0cxx_thread_local
    Feature record: CXX_FEATURE:0cxx_trailing_return_types
    Feature record: CXX_FEATURE:0cxx_unicode_literals
    Feature record: CXX_FEATURE:0cxx_uniform_initialization
    Feature record: CXX_FEATURE:0cxx_unrestricted_unions
    Feature record: CXX_FEATURE:0cxx_user_literals
    Feature record: CXX_FEATURE:0cxx_variable_templates
    Feature record: CXX_FEATURE:0cxx_variadic_macros
    Feature record: CXX_FEATURE:0cxx_variadic_templates
